- Generating browser application bundles (phase: setup)...
✔ Browser application bundle generation complete.
✔ Browser application bundle generation complete.

Error: src/app/components/quiz/quiz.component.html:35:17 - error NG5002: Opening tag "button" not terminated.

35                 <button *ngFor="let option of currentQuestion.options" (click)="selectOption(option.id)"
                   ~~~~~~~~~~~~~~~~~~~~~~~~~~~~~~~~~~~~~~~~~~~~~~~~~~~~~~~~~~~~~~~~~~~~~~~~~~~~~~~~~~~~~~~~
36                     [class.border-primary]="selectedOptionId === option.id"
   ~~~~~~~~~~~~~~~~~~~~~~~~~~~~~~~~~~~~~~~~~~~~~~~~~~~~~~~~~~~~~~~~~~~~~~~~~~~
37                     [class.bg-purple-50]="selectedOptionId === option.id"
   ~~~~~~~~~~~~~~~~~~~~~~~~~~~~~~~~~~~~~~~~~~~~~~~~~~~~~~~~~~~~~~~~~~~~~~~~~
38                     [class.dark:bg-primary/10]="selectedOptionId === option.id"
   ~~~~~~~~~~~~~~~~~~~~~~~~~~~~~~~~~~~~~~~~~~~

  src/app/components/quiz/quiz.component.ts:12:16
    12   templateUrl: './quiz.component.html',
                      ~~~~~~~~~~~~~~~~~~~~~~~
    Error occurs in the template of component QuizComponent.


Error: src/app/components/quiz/quiz.component.html:51:17 - error NG5002: Unexpected closing tag "button". It may happen when the tag has already been closed by another tag. For more info see https://www.w3.org/TR/html5/syntax.html#closing-elements-that-have-implied-end-tags

51                 </button>
                   ~~~~~~~~~

  src/app/components/quiz/quiz.component.ts:12:16
    12   templateUrl: './quiz.component.html',
                      ~~~~~~~~~~~~~~~~~~~~~~~
    Error occurs in the template of component QuizComponent.



